#
# A fatal error has been detected by the Java Runtime Environment:
#
#  EXCEPTION_ACCESS_VIOLATION (0xc0000005) at pc=0x0000021bed7c0d8a, pid=20840, tid=21240
#
# JRE version: Java(TM) SE Runtime Environment (20.0.1+9) (build 20.0.1+9-29)
# Java VM: Java HotSpot(TM) 64-Bit Server VM (20.0.1+9-29, mixed mode, sharing, tiered, compressed oops, compressed class ptrs, g1 gc, windows-amd64)
# Problematic frame:
# v  ~StubRoutines::jint_disjoint_arraycopy 0x0000021bed7c0d8a
#
# No core dump will be written. Minidumps are not enabled by default on client versions of Windows
#
# If you would like to submit a bug report, please visit:
#   https://bugreport.java.com/bugreport/crash.jsp
#

---------------  S U M M A R Y ------------

Command Line: -javaagent:D:\softwares\jetbrainsAPP\apps\IDEA-U\ch-0\231.8770.65\lib\idea_rt.jar=54671:D:\softwares\jetbrainsAPP\apps\IDEA-U\ch-0\231.8770.65\bin -Dfile.encoding=UTF-8 -Dsun.stdout.encoding=UTF-8 -Dsun.stderr.encoding=UTF-8 com.wyl.exercises.SECONDduoxiancheng.UnsafeArrayCopy

Host: 12th Gen Intel(R) Core(TM) i5-12400, 12 cores, 15G,  Windows 10 , 64 bit Build 16299 (10.0.16299.1127)
Time: Wed May  3 16:17:12 2023 中国标准时间 elapsed time: 0.088940 seconds (0d 0h 0m 0s)

---------------  T H R E A D  ---------------

Current thread (0x0000021bdde3b380):  JavaThread "main" [_thread_in_vm, id=21240, stack(0x0000004e4cb00000,0x0000004e4cc00000)]

Stack: [0x0000004e4cb00000,0x0000004e4cc00000],  sp=0x0000004e4cbfefd0,  free space=1019k
Native frames: (J=compiled Java code, j=interpreted, Vv=VM code, C=native code)
C  0x0000021bed7c0d8a

Java frames: (J=compiled Java code, j=interpreted, Vv=VM code)
j  jdk.internal.misc.Unsafe.copyMemory0(Ljava/lang/Object;JLjava/lang/Object;JJ)V+0 java.base@20.0.1
j  jdk.internal.misc.Unsafe.copyMemory(Ljava/lang/Object;JLjava/lang/Object;JJ)V+29 java.base@20.0.1
j  jdk.internal.misc.Unsafe.copyMemory(JJJ)V+7 java.base@20.0.1
j  sun.misc.Unsafe.copyMemory(JJJ)V+7 jdk.unsupported@20.0.1
j  com.wyl.exercises.SECONDduoxiancheng.UnsafeArrayCopy.main([Ljava/lang/String;)V+107
v  ~StubRoutines::call_stub 0x0000021bed78100d

siginfo: EXCEPTION_ACCESS_VIOLATION (0xc0000005), reading address 0x0000000000000020


Registers:
RAX=0x0000000000000034, RBX=0x0000021bdde3b380, RCX=0x0000000000000005, RDX=0xfffffffffffffffe
RSP=0x0000004e4cbfefd0, RBP=0x0000004e4cbfefd0, RSI=0x0000000000000028, RDI=0x0000000000000028
R8 =0x0000000000000005, R9 =0x0000021bdde3b380, R10=0x0000021bed7a1fc4, R11=0x0000000000000102
R12=0x0000000000000000, R13=0x0000000800bb2f60, R14=0x0000000000000000, R15=0x0000021bdde3b380
RIP=0x0000021bed7c0d8a, EFLAGS=0x0000000000010293


Register to memory mapping:

RIP=0x0000021bed7c0d8a is at begin+138 in a stub
StubRoutines::jint_disjoint_arraycopy [0x0000021bed7c0d00, 0x0000021bed7c0e63] (355 bytes)
RAX=0x0000000000000034 is an unknown value
RBX=0x0000021bdde3b380 is a thread
RCX=0x0000000000000005 is an unknown value
RDX=0xfffffffffffffffe is an unknown value
RSP=0x0000004e4cbfefd0 is pointing into the stack for thread: 0x0000021bdde3b380
RBP=0x0000004e4cbfefd0 is pointing into the stack for thread: 0x0000021bdde3b380
RSI=0x0000000000000028 is an unknown value
RDI=0x0000000000000028 is an unknown value
R8 =0x0000000000000005 is an unknown value
R9 =0x0000021bdde3b380 is a thread
R10=0x0000021bed7a1fc4 is at code_begin+996 in an Interpreter codelet
method entry point (kind = native)  [0x0000021bed7a1be0, 0x0000021bed7a26d0]  2800 bytes
R11=0x0000000000000102 is an unknown value
R12=0x0 is NULL
R13=0x0000000800bb2f60 is pointing into metadata
R14=0x0 is NULL
R15=0x0000021bdde3b380 is a thread


Top of Stack: (sp=0x0000004e4cbfefd0)
0x0000004e4cbfefd0:   0000000000000020 00007ffb239e525d
0x0000004e4cbfefe0:   0000004e4cbfeff8 0000004e4cbff060
0x0000004e4cbfeff0:   0000021bed79de8a 0000000000000020
0x0000004e4cbff000:   0000004e4cbff128 0000021bed7a1ff3
0x0000004e4cbff010:   00000008004441a0 0000004e4cbff0c8
0x0000004e4cbff020:   0000000000000000 0000021bed79df9e
0x0000004e4cbff030:   0000000000000000 0000000000000020
0x0000004e4cbff040:   0000000000000014 000000080043fb10
0x0000004e4cbff050:   0000000000000000 0000004e4cbff070
0x0000004e4cbff060:   0000004e4cbff0d8 0000021bed79de8a
0x0000004e4cbff070:   0000000000000020 0000000000000000
0x0000004e4cbff080:   0000004e4cbff080 0000000000000000
0x0000004e4cbff090:   0000004e4cbff128 00000008004445c0
0x0000004e4cbff0a0:   0000000000000000 0000000713405920
0x0000004e4cbff0b0:   00000008004441a0 0000000000000000
0x0000004e4cbff0c0:   0000004e4cbff0e8 0000004e4cbff178
0x0000004e4cbff0d0:   0000021bed79de8a 0000000000000000
0x0000004e4cbff0e0:   0000021bed79f897 0000000000000014
0x0000004e4cbff0f0:   0000000000000000 0000000000000020
0x0000004e4cbff100:   0000000000000000 0000000000000000
0x0000004e4cbff110:   0000000000000020 0000000000000000
0x0000004e4cbff120:   0000000000000000 0000000713415d00
0x0000004e4cbff130:   0000004e4cbff130 0000000800bac7ad
0x0000004e4cbff140:   0000004e4cbff1c8 00000008004445c0
0x0000004e4cbff150:   0000000000000000 0000000713405920
0x0000004e4cbff160:   000000080043fa60 0000004e4cbff0e8
0x0000004e4cbff170:   0000004e4cbff188 0000004e4cbff218
0x0000004e4cbff180:   0000021bed79de8a 0000000000000014
0x0000004e4cbff190:   0000000000000000 0000000000000020
0x0000004e4cbff1a0:   0000000000000000 0000000000000000
0x0000004e4cbff1b0:   0000000000000020 0000000000000000
0x0000004e4cbff1c0:   0000000000000000 0000000713415d00 

Instructions: (pc=0x0000021bed7c0d8a)
0x0000021bed7c0c8a:   d7 89 04 d6 e9 33 00 00 00 48 8b 44 d7 f8 48 89
0x0000021bed7c0c9a:   44 d6 f8 48 ff ca 75 f1 49 8b f9 49 8b f2 48 33
0x0000021bed7c0caa:   c0 c5 f8 77 c9 c3 c5 fe 6f 44 d7 20 c5 fe 7f 44
0x0000021bed7c0cba:   d6 20 c5 fe 6f 0c d7 c5 fe 7f 0c d6 48 83 ea 08
0x0000021bed7c0cca:   7d e4 48 83 c2 04 7c 0e c5 fe 6f 04 d7 c5 fe 7f
0x0000021bed7c0cda:   04 d6 48 83 ea 04 48 83 c2 04 7f ad 49 8b f9 49
0x0000021bed7c0cea:   8b f2 48 33 c0 c5 f8 77 c9 c3 0f 1f 84 00 00 00
0x0000021bed7c0cfa:   00 00 66 66 66 90 55 48 8b ec 4d 8b cf 50 57 56
0x0000021bed7c0d0a:   52 51 41 50 41 51 41 52 41 53 48 83 ec 20 40 f6
0x0000021bed7c0d1a:   c4 0f 0f 84 19 00 00 00 48 83 ec 08 48 b8 90 8f
0x0000021bed7c0d2a:   1d 23 fb 7f 00 00 ff d0 48 83 c4 08 e9 0c 00 00
0x0000021bed7c0d3a:   00 48 b8 90 8f 1d 23 fb 7f 00 00 ff d0 48 83 c4
0x0000021bed7c0d4a:   20 41 5b 41 5a 41 59 41 58 59 5a 5e 5f 4c 8b f8
0x0000021bed7c0d5a:   58 49 89 bf 20 05 00 00 49 89 b7 18 05 00 00 48
0x0000021bed7c0d6a:   8b f9 48 8b f2 49 8b d0 48 8b ca 48 d1 ea 48 8d
0x0000021bed7c0d7a:   7c d7 f8 48 8d 74 d6 f8 48 f7 da e9 ae 00 00 00
0x0000021bed7c0d8a:   48 8b 44 d7 08 48 89 44 d6 08 48 ff c2 75 f1 f6
0x0000021bed7c0d9a:   c1 01 74 06 8b 47 08 89 46 08 50 57 56 52 51 41
0x0000021bed7c0daa:   50 41 51 41 52 41 53 48 83 ec 20 40 f6 c4 0f 0f
0x0000021bed7c0dba:   84 19 00 00 00 48 83 ec 08 48 b8 90 8f 1d 23 fb
0x0000021bed7c0dca:   7f 00 00 ff d0 48 83 c4 08 e9 0c 00 00 00 48 b8
0x0000021bed7c0dda:   90 8f 1d 23 fb 7f 00 00 ff d0 48 83 c4 20 41 5b
0x0000021bed7c0dea:   41 5a 41 59 41 58 59 5a 5e 5f 4c 8b f8 58 49 8b
0x0000021bed7c0dfa:   b7 18 05 00 00 49 8b bf 20 05 00 00 4d 8b f9 c5
0x0000021bed7c0e0a:   f8 77 48 33 c0 c9 c3 66 66 66 0f 1f 84 00 00 00
0x0000021bed7c0e1a:   00 00 66 66 66 90 c5 fe 6f 44 d7 c8 c5 fe 7f 44
0x0000021bed7c0e2a:   d6 c8 c5 fe 6f 4c d7 e8 c5 fe 7f 4c d6 e8 48 83
0x0000021bed7c0e3a:   c2 08 7e e2 48 83 ea 04 7f 10 c5 fe 6f 44 d7 e8
0x0000021bed7c0e4a:   c5 fe 7f 44 d6 e8 48 83 c2 04 48 83 ea 04 0f 8c
0x0000021bed7c0e5a:   2c ff ff ff e9 36 ff ff ff 66 66 66 0f 1f 84 00
0x0000021bed7c0e6a:   00 00 00 00 66 66 66 90 66 66 0f 1f 84 00 00 00
0x0000021bed7c0e7a:   00 00 66 66 66 90 55 48 8b ec 48 3b d1 4a 8d 04 


Stack slot to memory mapping:
stack at sp + 0 slots: 0x0000000000000020 is an unknown value
stack at sp + 1 slots: 0x00007ffb239e525d jvm.dll
stack at sp + 2 slots: 0x0000004e4cbfeff8 is pointing into the stack for thread: 0x0000021bdde3b380
stack at sp + 3 slots: 0x0000004e4cbff060 is pointing into the stack for thread: 0x0000021bdde3b380
stack at sp + 4 slots: 0x0000021bed79de8a is at code_begin+1098 in an Interpreter codelet
return entry points  [0x0000021bed79da40, 0x0000021bed79e508]  2760 bytes
stack at sp + 5 slots: 0x0000000000000020 is an unknown value
stack at sp + 6 slots: 0x0000004e4cbff128 is pointing into the stack for thread: 0x0000021bdde3b380
stack at sp + 7 slots: 0x0000021bed7a1ff3 is at code_begin+1043 in an Interpreter codelet
method entry point (kind = native)  [0x0000021bed7a1be0, 0x0000021bed7a26d0]  2800 bytes

StubRoutines::jint_disjoint_arraycopy [0x0000021bed7c0d00, 0x0000021bed7c0e63] (355 bytes)
[MachCode]
  0x0000021bed7c0d00: 5548 8bec | 4d8b cf50 | 5756 5251 | 4150 4151 | 4152 4153 | 4883 ec20 | 40f6 c40f | 0f84 1900 
  0x0000021bed7c0d20: 0000 4883 | ec08 48b8 | 908f 1d23 | fb7f 0000 | ffd0 4883 | c408 e90c | 0000 0048 | b890 8f1d 
  0x0000021bed7c0d40: 23fb 7f00 | 00ff d048 | 83c4 2041 | 5b41 5a41 | 5941 5859 | 5a5e 5f4c | 8bf8 5849 | 89bf 2005 
  0x0000021bed7c0d60: 0000 4989 | b718 0500 | 0048 8bf9 | 488b f249 | 8bd0 488b | ca48 d1ea | 488d 7cd7 | f848 8d74 
  0x0000021bed7c0d80: d6f8 48f7 | dae9 ae00 | 0000 488b | 44d7 0848 | 8944 d608 | 48ff c275 | f1f6 c101 | 7406 8b47 
  0x0000021bed7c0da0: 0889 4608 | 5057 5652 | 5141 5041 | 5141 5241 | 5348 83ec | 2040 f6c4 | 0f0f 8419 | 0000 0048 
  0x0000021bed7c0dc0: 83ec 0848 | b890 8f1d | 23fb 7f00 | 00ff d048 | 83c4 08e9 | 0c00 0000 | 48b8 908f | 1d23 fb7f 
  0x0000021bed7c0de0: 0000 ffd0 | 4883 c420 | 415b 415a | 4159 4158 | 595a 5e5f | 4c8b f858 | 498b b718 | 0500 0049 
  0x0000021bed7c0e00: 8bbf 2005 | 0000 4d8b | f9c5 f877 | 4833 c0c9 | c366 6666 | 0f1f 8400 | 0000 0000 | 6666 6690 
  0x0000021bed7c0e20: c5fe 6f44 | d7c8 c5fe | 7f44 d6c8 | c5fe 6f4c | d7e8 c5fe | 7f4c d6e8 | 4883 c208 | 7ee2 4883 
  0x0000021bed7c0e40: ea04 7f10 | c5fe 6f44 | d7e8 c5fe | 7f44 d6e8 | 4883 c204 | 4883 ea04 | 0f8c 2cff | ffff e936 
  0x0000021bed7c0e60: 
[/MachCode]

---------------  P R O C E S S  ---------------

Threads class SMR info:
_java_thread_list=0x0000021bfe5107e0, length=12, elements={
0x0000021bdde3b380, 0x0000021bfe31b7d0, 0x0000021bfe31c5d0, 0x0000021bfe3213e0,
0x0000021bfe322f30, 0x0000021bfe326210, 0x0000021bfe326b50, 0x0000021bfe338000,
0x0000021bfe361cc0, 0x0000021bfe472240, 0x0000021bfe51d420, 0x0000021bfe51d970
}

Java Threads: ( => current thread )
=>0x0000021bdde3b380 JavaThread "main" [_thread_in_vm, id=21240, stack(0x0000004e4cb00000,0x0000004e4cc00000)]
  0x0000021bfe31b7d0 JavaThread "Reference Handler" daemon [_thread_blocked, id=20668, stack(0x0000004e4d200000,0x0000004e4d300000)]
  0x0000021bfe31c5d0 JavaThread "Finalizer" daemon [_thread_blocked, id=21348, stack(0x0000004e4d300000,0x0000004e4d400000)]
  0x0000021bfe3213e0 JavaThread "Signal Dispatcher" daemon [_thread_blocked, id=20916, stack(0x0000004e4d400000,0x0000004e4d500000)]
  0x0000021bfe322f30 JavaThread "Attach Listener" daemon [_thread_blocked, id=18384, stack(0x0000004e4d500000,0x0000004e4d600000)]
  0x0000021bfe326210 JavaThread "Service Thread" daemon [_thread_blocked, id=20992, stack(0x0000004e4d600000,0x0000004e4d700000)]
  0x0000021bfe326b50 JavaThread "Monitor Deflation Thread" daemon [_thread_blocked, id=20948, stack(0x0000004e4d700000,0x0000004e4d800000)]
  0x0000021bfe338000 JavaThread "C2 CompilerThread0" daemon [_thread_blocked, id=20988, stack(0x0000004e4d800000,0x0000004e4d900000)]
  0x0000021bfe361cc0 JavaThread "C1 CompilerThread0" daemon [_thread_blocked, id=21488, stack(0x0000004e4d900000,0x0000004e4da00000)]
  0x0000021bfe472240 JavaThread "Common-Cleaner" daemon [_thread_blocked, id=20944, stack(0x0000004e4da00000,0x0000004e4db00000)]
  0x0000021bfe51d420 JavaThread "Monitor Ctrl-Break" daemon [_thread_in_native, id=21088, stack(0x0000004e4db00000,0x0000004e4dc00000)]
  0x0000021bfe51d970 JavaThread "Notification Thread" daemon [_thread_blocked, id=500, stack(0x0000004e4dc00000,0x0000004e4dd00000)]

Other Threads:
  0x0000021bfe3054b0 VMThread "VM Thread" [stack: 0x0000004e4d100000,0x0000004e4d200000] [id=20432]
  0x0000021bfe520f70 WatcherThread "VM Periodic Task Thread" [stack: 0x0000004e4dd00000,0x0000004e4de00000] [id=20856]
  0x0000021bddea9710 WorkerThread "GC Thread#0" [stack: 0x0000004e4cc00000,0x0000004e4cd00000] [id=18256]
  0x0000021bddebb360 ConcurrentGCThread "G1 Main Marker" [stack: 0x0000004e4cd00000,0x0000004e4ce00000] [id=21260]
  0x0000021bddebbca0 WorkerThread "G1 Conc#0" [stack: 0x0000004e4ce00000,0x0000004e4cf00000] [id=20580]
  0x0000021bfd823f60 ConcurrentGCThread "G1 Refine#0" [stack: 0x0000004e4cf00000,0x0000004e4d000000] [id=19692]
  0x0000021bfd824910 ConcurrentGCThread "G1 Service" [stack: 0x0000004e4d000000,0x0000004e4d100000] [id=19844]

Threads with active compile tasks:

VM state: not at safepoint (normal execution)

VM Mutex/Monitor currently owned by a thread: None

Heap address: 0x0000000703800000, size: 4040 MB, Compressed Oops mode: Zero based, Oop shift amount: 3

CDS archive(s) mapped at: [0x0000000800000000-0x0000000800c60000-0x0000000800c60000), size 12976128, SharedBaseAddress: 0x0000000800000000, ArchiveRelocationMode: 0.
Compressed class space mapped at: 0x0000000801000000-0x0000000841000000, reserved size: 1073741824
Narrow klass base: 0x0000000800000000, Narrow klass shift: 0, Narrow klass range: 0x100000000

GC Precious Log:
 CardTable entry size: 512
 Card Set container configuration: InlinePtr #cards 4 size 8 Array Of Cards #cards 16 size 48 Howl #buckets 8 coarsen threshold 3686 Howl Bitmap #cards 512 size 80 coarsen threshold 460 Card regions per heap region 1 cards per card region 4096
 CPUs: 12 total, 12 available
 Memory: 16158M
 Large Page Support: Disabled
 NUMA Support: Disabled
 Compressed Oops: Enabled (Zero based)
 Heap Region Size: 2M
 Heap Min Capacity: 8M
 Heap Initial Capacity: 254M
 Heap Max Capacity: 4040M
 Pre-touch: Disabled
 Parallel Workers: 10
 Concurrent Workers: 3
 Concurrent Refinement Workers: 10
 Periodic GC: Disabled

Heap:
 garbage-first heap   total 260096K, used 2048K [0x0000000703800000, 0x0000000800000000)
  region size 2048K, 2 young (4096K), 0 survivors (0K)
 Metaspace       used 772K, committed 896K, reserved 1114112K
  class space    used 63K, committed 128K, reserved 1048576K

Heap Regions: E=young(eden), S=young(survivor), O=old, HS=humongous(starts), HC=humongous(continues), CS=collection set, F=free, OA=open archive, CA=closed archive, TAMS=top-at-mark-start, PB=parsable bottom
|   0|0x0000000703800000, 0x0000000703800000, 0x0000000703a00000|  0%| F|  |TAMS 0x0000000703800000| PB 0x0000000703800000| Untracked 
|   1|0x0000000703a00000, 0x0000000703a00000, 0x0000000703c00000|  0%| F|  |TAMS 0x0000000703a00000| PB 0x0000000703a00000| Untracked 
|   2|0x0000000703c00000, 0x0000000703c00000, 0x0000000703e00000|  0%| F|  |TAMS 0x0000000703c00000| PB 0x0000000703c00000| Untracked 
|   3|0x0000000703e00000, 0x0000000703e00000, 0x0000000704000000|  0%| F|  |TAMS 0x0000000703e00000| PB 0x0000000703e00000| Untracked 
|   4|0x0000000704000000, 0x0000000704000000, 0x0000000704200000|  0%| F|  |TAMS 0x0000000704000000| PB 0x0000000704000000| Untracked 
|   5|0x0000000704200000, 0x0000000704200000, 0x0000000704400000|  0%| F|  |TAMS 0x0000000704200000| PB 0x0000000704200000| Untracked 
|   6|0x0000000704400000, 0x0000000704400000, 0x0000000704600000|  0%| F|  |TAMS 0x0000000704400000| PB 0x0000000704400000| Untracked 
|   7|0x0000000704600000, 0x0000000704600000, 0x0000000704800000|  0%| F|  |TAMS 0x0000000704600000| PB 0x0000000704600000| Untracked 
|   8|0x0000000704800000, 0x0000000704800000, 0x0000000704a00000|  0%| F|  |TAMS 0x0000000704800000| PB 0x0000000704800000| Untracked 
|   9|0x0000000704a00000, 0x0000000704a00000, 0x0000000704c00000|  0%| F|  |TAMS 0x0000000704a00000| PB 0x0000000704a00000| Untracked 
|  10|0x0000000704c00000, 0x0000000704c00000, 0x0000000704e00000|  0%| F|  |TAMS 0x0000000704c00000| PB 0x0000000704c00000| Untracked 
|  11|0x0000000704e00000, 0x0000000704e00000, 0x0000000705000000|  0%| F|  |TAMS 0x0000000704e00000| PB 0x0000000704e00000| Untracked 
|  12|0x0000000705000000, 0x0000000705000000, 0x0000000705200000|  0%| F|  |TAMS 0x0000000705000000| PB 0x0000000705000000| Untracked 
|  13|0x0000000705200000, 0x0000000705200000, 0x0000000705400000|  0%| F|  |TAMS 0x0000000705200000| PB 0x0000000705200000| Untracked 
|  14|0x0000000705400000, 0x0000000705400000, 0x0000000705600000|  0%| F|  |TAMS 0x0000000705400000| PB 0x0000000705400000| Untracked 
|  15|0x0000000705600000, 0x0000000705600000, 0x0000000705800000|  0%| F|  |TAMS 0x0000000705600000| PB 0x0000000705600000| Untracked 
|  16|0x0000000705800000, 0x0000000705800000, 0x0000000705a00000|  0%| F|  |TAMS 0x0000000705800000| PB 0x0000000705800000| Untracked 
|  17|0x0000000705a00000, 0x0000000705a00000, 0x0000000705c00000|  0%| F|  |TAMS 0x0000000705a00000| PB 0x0000000705a00000| Untracked 
|  18|0x0000000705c00000, 0x0000000705c00000, 0x0000000705e00000|  0%| F|  |TAMS 0x0000000705c00000| PB 0x0000000705c00000| Untracked 
|  19|0x0000000705e00000, 0x0000000705e00000, 0x0000000706000000|  0%| F|  |TAMS 0x0000000705e00000| PB 0x0000000705e00000| Untracked 
|  20|0x0000000706000000, 0x0000000706000000, 0x0000000706200000|  0%| F|  |TAMS 0x0000000706000000| PB 0x0000000706000000| Untracked 
|  21|0x0000000706200000, 0x0000000706200000, 0x0000000706400000|  0%| F|  |TAMS 0x0000000706200000| PB 0x0000000706200000| Untracked 
|  22|0x0000000706400000, 0x0000000706400000, 0x0000000706600000|  0%| F|  |TAMS 0x0000000706400000| PB 0x0000000706400000| Untracked 
|  23|0x0000000706600000, 0x0000000706600000, 0x0000000706800000|  0%| F|  |TAMS 0x0000000706600000| PB 0x0000000706600000| Untracked 
|  24|0x0000000706800000, 0x0000000706800000, 0x0000000706a00000|  0%| F|  |TAMS 0x0000000706800000| PB 0x0000000706800000| Untracked 
|  25|0x0000000706a00000, 0x0000000706a00000, 0x0000000706c00000|  0%| F|  |TAMS 0x0000000706a00000| PB 0x0000000706a00000| Untracked 
|  26|0x0000000706c00000, 0x0000000706c00000, 0x0000000706e00000|  0%| F|  |TAMS 0x0000000706c00000| PB 0x0000000706c00000| Untracked 
|  27|0x0000000706e00000, 0x0000000706e00000, 0x0000000707000000|  0%| F|  |TAMS 0x0000000706e00000| PB 0x0000000706e00000| Untracked 
|  28|0x0000000707000000, 0x0000000707000000, 0x0000000707200000|  0%| F|  |TAMS 0x0000000707000000| PB 0x0000000707000000| Untracked 
|  29|0x0000000707200000, 0x0000000707200000, 0x0000000707400000|  0%| F|  |TAMS 0x0000000707200000| PB 0x0000000707200000| Untracked 
|  30|0x0000000707400000, 0x0000000707400000, 0x0000000707600000|  0%| F|  |TAMS 0x0000000707400000| PB 0x0000000707400000| Untracked 
|  31|0x0000000707600000, 0x0000000707600000, 0x0000000707800000|  0%| F|  |TAMS 0x0000000707600000| PB 0x0000000707600000| Untracked 
|  32|0x0000000707800000, 0x0000000707800000, 0x0000000707a00000|  0%| F|  |TAMS 0x0000000707800000| PB 0x0000000707800000| Untracked 
|  33|0x0000000707a00000, 0x0000000707a00000, 0x0000000707c00000|  0%| F|  |TAMS 0x0000000707a00000| PB 0x0000000707a00000| Untracked 
|  34|0x0000000707c00000, 0x0000000707c00000, 0x0000000707e00000|  0%| F|  |TAMS 0x0000000707c00000| PB 0x0000000707c00000| Untracked 
|  35|0x0000000707e00000, 0x0000000707e00000, 0x0000000708000000|  0%| F|  |TAMS 0x0000000707e00000| PB 0x0000000707e00000| Untracked 
|  36|0x0000000708000000, 0x0000000708000000, 0x0000000708200000|  0%| F|  |TAMS 0x0000000708000000| PB 0x0000000708000000| Untracked 
|  37|0x0000000708200000, 0x0000000708200000, 0x0000000708400000|  0%| F|  |TAMS 0x0000000708200000| PB 0x0000000708200000| Untracked 
|  38|0x0000000708400000, 0x0000000708400000, 0x0000000708600000|  0%| F|  |TAMS 0x0000000708400000| PB 0x0000000708400000| Untracked 
|  39|0x0000000708600000, 0x0000000708600000, 0x0000000708800000|  0%| F|  |TAMS 0x0000000708600000| PB 0x0000000708600000| Untracked 
|  40|0x0000000708800000, 0x0000000708800000, 0x0000000708a00000|  0%| F|  |TAMS 0x0000000708800000| PB 0x0000000708800000| Untracked 
|  41|0x0000000708a00000, 0x0000000708a00000, 0x0000000708c00000|  0%| F|  |TAMS 0x0000000708a00000| PB 0x0000000708a00000| Untracked 
|  42|0x0000000708c00000, 0x0000000708c00000, 0x0000000708e00000|  0%| F|  |TAMS 0x0000000708c00000| PB 0x0000000708c00000| Untracked 
|  43|0x0000000708e00000, 0x0000000708e00000, 0x0000000709000000|  0%| F|  |TAMS 0x0000000708e00000| PB 0x0000000708e00000| Untracked 
|  44|0x0000000709000000, 0x0000000709000000, 0x0000000709200000|  0%| F|  |TAMS 0x0000000709000000| PB 0x0000000709000000| Untracked 
|  45|0x0000000709200000, 0x0000000709200000, 0x0000000709400000|  0%| F|  |TAMS 0x0000000709200000| PB 0x0000000709200000| Untracked 
|  46|0x0000000709400000, 0x0000000709400000, 0x0000000709600000|  0%| F|  |TAMS 0x0000000709400000| PB 0x0000000709400000| Untracked 
|  47|0x0000000709600000, 0x0000000709600000, 0x0000000709800000|  0%| F|  |TAMS 0x0000000709600000| PB 0x0000000709600000| Untracked 
|  48|0x0000000709800000, 0x0000000709800000, 0x0000000709a00000|  0%| F|  |TAMS 0x0000000709800000| PB 0x0000000709800000| Untracked 
|  49|0x0000000709a00000, 0x0000000709a00000, 0x0000000709c00000|  0%| F|  |TAMS 0x0000000709a00000| PB 0x0000000709a00000| Untracked 
|  50|0x0000000709c00000, 0x0000000709c00000, 0x0000000709e00000|  0%| F|  |TAMS 0x0000000709c00000| PB 0x0000000709c00000| Untracked 
|  51|0x0000000709e00000, 0x0000000709e00000, 0x000000070a000000|  0%| F|  |TAMS 0x0000000709e00000| PB 0x0000000709e00000| Untracked 
|  52|0x000000070a000000, 0x000000070a000000, 0x000000070a200000|  0%| F|  |TAMS 0x000000070a000000| PB 0x000000070a000000| Untracked 
|  53|0x000000070a200000, 0x000000070a200000, 0x000000070a400000|  0%| F|  |TAMS 0x000000070a200000| PB 0x000000070a200000| Untracked 
|  54|0x000000070a400000, 0x000000070a400000, 0x000000070a600000|  0%| F|  |TAMS 0x000000070a400000| PB 0x000000070a400000| Untracked 
|  55|0x000000070a600000, 0x000000070a600000, 0x000000070a800000|  0%| F|  |TAMS 0x000000070a600000| PB 0x000000070a600000| Untracked 
|  56|0x000000070a800000, 0x000000070a800000, 0x000000070aa00000|  0%| F|  |TAMS 0x000000070a800000| PB 0x000000070a800000| Untracked 
|  57|0x000000070aa00000, 0x000000070aa00000, 0x000000070ac00000|  0%| F|  |TAMS 0x000000070aa00000| PB 0x000000070aa00000| Untracked 
|  58|0x000000070ac00000, 0x000000070ac00000, 0x000000070ae00000|  0%| F|  |TAMS 0x000000070ac00000| PB 0x000000070ac00000| Untracked 
|  59|0x000000070ae00000, 0x000000070ae00000, 0x000000070b000000|  0%| F|  |TAMS 0x000000070ae00000| PB 0x000000070ae00000| Untracked 
|  60|0x000000070b000000, 0x000000070b000000, 0x000000070b200000|  0%| F|  |TAMS 0x000000070b000000| PB 0x000000070b000000| Untracked 
|  61|0x000000070b200000, 0x000000070b200000, 0x000000070b400000|  0%| F|  |TAMS 0x000000070b200000| PB 0x000000070b200000| Untracked 
|  62|0x000000070b400000, 0x000000070b400000, 0x000000070b600000|  0%| F|  |TAMS 0x000000070b400000| PB 0x000000070b400000| Untracked 
|  63|0x000000070b600000, 0x000000070b600000, 0x000000070b800000|  0%| F|  |TAMS 0x000000070b600000| PB 0x000000070b600000| Untracked 
|  64|0x000000070b800000, 0x000000070b800000, 0x000000070ba00000|  0%| F|  |TAMS 0x000000070b800000| PB 0x000000070b800000| Untracked 
|  65|0x000000070ba00000, 0x000000070ba00000, 0x000000070bc00000|  0%| F|  |TAMS 0x000000070ba00000| PB 0x000000070ba00000| Untracked 
|  66|0x000000070bc00000, 0x000000070bc00000, 0x000000070be00000|  0%| F|  |TAMS 0x000000070bc00000| PB 0x000000070bc00000| Untracked 
|  67|0x000000070be00000, 0x000000070be00000, 0x000000070c000000|  0%| F|  |TAMS 0x000000070be00000| PB 0x000000070be00000| Untracked 
|  68|0x000000070c000000, 0x000000070c000000, 0x000000070c200000|  0%| F|  |TAMS 0x000000070c000000| PB 0x000000070c000000| Untracked 
|  69|0x000000070c200000, 0x000000070c200000, 0x000000070c400000|  0%| F|  |TAMS 0x000000070c200000| PB 0x000000070c200000| Untracked 
|  70|0x000000070c400000, 0x000000070c400000, 0x000000070c600000|  0%| F|  |TAMS 0x000000070c400000| PB 0x000000070c400000| Untracked 
|  71|0x000000070c600000, 0x000000070c600000, 0x000000070c800000|  0%| F|  |TAMS 0x000000070c600000| PB 0x000000070c600000| Untracked 
|  72|0x000000070c800000, 0x000000070c800000, 0x000000070ca00000|  0%| F|  |TAMS 0x000000070c800000| PB 0x000000070c800000| Untracked 
|  73|0x000000070ca00000, 0x000000070ca00000, 0x000000070cc00000|  0%| F|  |TAMS 0x000000070ca00000| PB 0x000000070ca00000| Untracked 
|  74|0x000000070cc00000, 0x000000070cc00000, 0x000000070ce00000|  0%| F|  |TAMS 0x000000070cc00000| PB 0x000000070cc00000| Untracked 
|  75|0x000000070ce00000, 0x000000070ce00000, 0x000000070d000000|  0%| F|  |TAMS 0x000000070ce00000| PB 0x000000070ce00000| Untracked 
|  76|0x000000070d000000, 0x000000070d000000, 0x000000070d200000|  0%| F|  |TAMS 0x000000070d000000| PB 0x000000070d000000| Untracked 
|  77|0x000000070d200000, 0x000000070d200000, 0x000000070d400000|  0%| F|  |TAMS 0x000000070d200000| PB 0x000000070d200000| Untracked 
|  78|0x000000070d400000, 0x000000070d400000, 0x000000070d600000|  0%| F|  |TAMS 0x000000070d400000| PB 0x000000070d400000| Untracked 
|  79|0x000000070d600000, 0x000000070d600000, 0x000000070d800000|  0%| F|  |TAMS 0x000000070d600000| PB 0x000000070d600000| Untracked 
|  80|0x000000070d800000, 0x000000070d800000, 0x000000070da00000|  0%| F|  |TAMS 0x000000070d800000| PB 0x000000070d800000| Untracked 
|  81|0x000000070da00000, 0x000000070da00000, 0x000000070dc00000|  0%| F|  |TAMS 0x000000070da00000| PB 0x000000070da00000| Untracked 
|  82|0x000000070dc00000, 0x000000070dc00000, 0x000000070de00000|  0%| F|  |TAMS 0x000000070dc00000| PB 0x000000070dc00000| Untracked 
|  83|0x000000070de00000, 0x000000070de00000, 0x000000070e000000|  0%| F|  |TAMS 0x000000070de00000| PB 0x000000070de00000| Untracked 
|  84|0x000000070e000000, 0x000000070e000000, 0x000000070e200000|  0%| F|  |TAMS 0x000000070e000000| PB 0x000000070e000000| Untracked 
|  85|0x000000070e200000, 0x000000070e200000, 0x000000070e400000|  0%| F|  |TAMS 0x000000070e200000| PB 0x000000070e200000| Untracked 
|  86|0x000000070e400000, 0x000000070e400000, 0x000000070e600000|  0%| F|  |TAMS 0x000000070e400000| PB 0x000000070e400000| Untracked 
|  87|0x000000070e600000, 0x000000070e600000, 0x000000070e800000|  0%| F|  |TAMS 0x000000070e600000| PB 0x000000070e600000| Untracked 
|  88|0x000000070e800000, 0x000000070e800000, 0x000000070ea00000|  0%| F|  |TAMS 0x000000070e800000| PB 0x000000070e800000| Untracked 
|  89|0x000000070ea00000, 0x000000070ea00000, 0x000000070ec00000|  0%| F|  |TAMS 0x000000070ea00000| PB 0x000000070ea00000| Untracked 
|  90|0x000000070ec00000, 0x000000070ec00000, 0x000000070ee00000|  0%| F|  |TAMS 0x000000070ec00000| PB 0x000000070ec00000| Untracked 
|  91|0x000000070ee00000, 0x000000070ee00000, 0x000000070f000000|  0%| F|  |TAMS 0x000000070ee00000| PB 0x000000070ee00000| Untracked 
|  92|0x000000070f000000, 0x000000070f000000, 0x000000070f200000|  0%| F|  |TAMS 0x000000070f000000| PB 0x000000070f000000| Untracked 
|  93|0x000000070f200000, 0x000000070f200000, 0x000000070f400000|  0%| F|  |TAMS 0x000000070f200000| PB 0x000000070f200000| Untracked 
|  94|0x000000070f400000, 0x000000070f400000, 0x000000070f600000|  0%| F|  |TAMS 0x000000070f400000| PB 0x000000070f400000| Untracked 
|  95|0x000000070f600000, 0x000000070f600000, 0x000000070f800000|  0%| F|  |TAMS 0x000000070f600000| PB 0x000000070f600000| Untracked 
|  96|0x000000070f800000, 0x000000070f800000, 0x000000070fa00000|  0%| F|  |TAMS 0x000000070f800000| PB 0x000000070f800000| Untracked 
|  97|0x000000070fa00000, 0x000000070fa00000, 0x000000070fc00000|  0%| F|  |TAMS 0x000000070fa00000| PB 0x000000070fa00000| Untracked 
|  98|0x000000070fc00000, 0x000000070fc00000, 0x000000070fe00000|  0%| F|  |TAMS 0x000000070fc00000| PB 0x000000070fc00000| Untracked 
|  99|0x000000070fe00000, 0x000000070fe00000, 0x0000000710000000|  0%| F|  |TAMS 0x000000070fe00000| PB 0x000000070fe00000| Untracked 
| 100|0x0000000710000000, 0x0000000710000000, 0x0000000710200000|  0%| F|  |TAMS 0x0000000710000000| PB 0x0000000710000000| Untracked 
| 101|0x0000000710200000, 0x0000000710200000, 0x0000000710400000|  0%| F|  |TAMS 0x0000000710200000| PB 0x0000000710200000| Untracked 
| 102|0x0000000710400000, 0x0000000710400000, 0x0000000710600000|  0%| F|  |TAMS 0x0000000710400000| PB 0x0000000710400000| Untracked 
| 103|0x0000000710600000, 0x0000000710600000, 0x0000000710800000|  0%| F|  |TAMS 0x0000000710600000| PB 0x0000000710600000| Untracked 
| 104|0x0000000710800000, 0x0000000710800000, 0x0000000710a00000|  0%| F|  |TAMS 0x0000000710800000| PB 0x0000000710800000| Untracked 
| 105|0x0000000710a00000, 0x0000000710a00000, 0x0000000710c00000|  0%| F|  |TAMS 0x0000000710a00000| PB 0x0000000710a00000| Untracked 
| 106|0x0000000710c00000, 0x0000000710c00000, 0x0000000710e00000|  0%| F|  |TAMS 0x0000000710c00000| PB 0x0000000710c00000| Untracked 
| 107|0x0000000710e00000, 0x0000000710e00000, 0x0000000711000000|  0%| F|  |TAMS 0x0000000710e00000| PB 0x0000000710e00000| Untracked 
| 108|0x0000000711000000, 0x0000000711000000, 0x0000000711200000|  0%| F|  |TAMS 0x0000000711000000| PB 0x0000000711000000| Untracked 
| 109|0x0000000711200000, 0x0000000711200000, 0x0000000711400000|  0%| F|  |TAMS 0x0000000711200000| PB 0x0000000711200000| Untracked 
| 110|0x0000000711400000, 0x0000000711400000, 0x0000000711600000|  0%| F|  |TAMS 0x0000000711400000| PB 0x0000000711400000| Untracked 
| 111|0x0000000711600000, 0x0000000711600000, 0x0000000711800000|  0%| F|  |TAMS 0x0000000711600000| PB 0x0000000711600000| Untracked 
| 112|0x0000000711800000, 0x0000000711800000, 0x0000000711a00000|  0%| F|  |TAMS 0x0000000711800000| PB 0x0000000711800000| Untracked 
| 113|0x0000000711a00000, 0x0000000711a00000, 0x0000000711c00000|  0%| F|  |TAMS 0x0000000711a00000| PB 0x0000000711a00000| Untracked 
| 114|0x0000000711c00000, 0x0000000711c00000, 0x0000000711e00000|  0%| F|  |TAMS 0x0000000711c00000| PB 0x0000000711c00000| Untracked 
| 115|0x0000000711e00000, 0x0000000711e00000, 0x0000000712000000|  0%| F|  |TAMS 0x0000000711e00000| PB 0x0000000711e00000| Untracked 
| 116|0x0000000712000000, 0x0000000712000000, 0x0000000712200000|  0%| F|  |TAMS 0x0000000712000000| PB 0x0000000712000000| Untracked 
| 117|0x0000000712200000, 0x0000000712200000, 0x0000000712400000|  0%| F|  |TAMS 0x0000000712200000| PB 0x0000000712200000| Untracked 
| 118|0x0000000712400000, 0x0000000712400000, 0x0000000712600000|  0%| F|  |TAMS 0x0000000712400000| PB 0x0000000712400000| Untracked 
| 119|0x0000000712600000, 0x0000000712600000, 0x0000000712800000|  0%| F|  |TAMS 0x0000000712600000| PB 0x0000000712600000| Untracked 
| 120|0x0000000712800000, 0x0000000712800000, 0x0000000712a00000|  0%| F|  |TAMS 0x0000000712800000| PB 0x0000000712800000| Untracked 
| 121|0x0000000712a00000, 0x0000000712a00000, 0x0000000712c00000|  0%| F|  |TAMS 0x0000000712a00000| PB 0x0000000712a00000| Untracked 
| 122|0x0000000712c00000, 0x0000000712c00000, 0x0000000712e00000|  0%| F|  |TAMS 0x0000000712c00000| PB 0x0000000712c00000| Untracked 
| 123|0x0000000712e00000, 0x0000000712e00000, 0x0000000713000000|  0%| F|  |TAMS 0x0000000712e00000| PB 0x0000000712e00000| Untracked 
| 124|0x0000000713000000, 0x0000000713000000, 0x0000000713200000|  0%| F|  |TAMS 0x0000000713000000| PB 0x0000000713000000| Untracked 
| 125|0x0000000713200000, 0x00000007133c36b8, 0x0000000713400000| 88%| E|  |TAMS 0x0000000713200000| PB 0x0000000713200000| Complete 
| 126|0x0000000713400000, 0x0000000713600000, 0x0000000713600000|100%| E|CS|TAMS 0x0000000713400000| PB 0x0000000713400000| Complete 

Card table byte_map: [0x0000021bf66c0000,0x0000021bf6eb0000] _byte_map_base: 0x0000021bf2ea4000

Marking Bits: (CMBitMap*) 0x0000021bddeaac60
 Bits: [0x0000021bf76a0000, 0x0000021bfb5c0000)

Polling page: 0x0000021bddd30000

Metaspace:

Usage:
  Non-class:    709.17 KB used.
      Class:     63.24 KB used.
       Both:    772.41 KB used.

Virtual space:
  Non-class space:       64.00 MB reserved,     768.00 KB (  1%) committed,  1 nodes.
      Class space:        1.00 GB reserved,     128.00 KB ( <1%) committed,  1 nodes.
             Both:        1.06 GB reserved,     896.00 KB ( <1%) committed. 

Chunk freelists:
   Non-Class:  3.96 MB
       Class:  3.73 MB
        Both:  7.70 MB

MaxMetaspaceSize: unlimited
CompressedClassSpaceSize: 1.00 GB
Initial GC threshold: 21.00 MB
Current GC threshold: 21.00 MB
CDS: on
MetaspaceReclaimPolicy: balanced
 - commit_granule_bytes: 65536.
 - commit_granule_words: 8192.
 - virtual_space_node_default_size: 8388608.
 - enlarge_chunks_in_place: 1.
 - new_chunks_are_fully_committed: 0.
 - uncommit_free_chunks: 1.
 - use_allocation_guard: 0.


Internal statistics:

num_allocs_failed_limit: 0.
num_arena_births: 26.
num_arena_deaths: 0.
num_vsnodes_births: 2.
num_vsnodes_deaths: 0.
num_space_committed: 14.
num_space_uncommitted: 0.
num_chunks_returned_to_freelist: 0.
num_chunks_taken_from_freelist: 31.
num_chunk_merges: 0.
num_chunk_splits: 19.
num_chunks_enlarged: 12.
num_inconsistent_stats: 0.

CodeHeap 'non-profiled nmethods': size=120000Kb used=73Kb max_used=73Kb free=119926Kb
 bounds [0x0000021bedd20000, 0x0000021bedf90000, 0x0000021bf5250000]
CodeHeap 'profiled nmethods': size=120000Kb used=211Kb max_used=211Kb free=119788Kb
 bounds [0x0000021be6250000, 0x0000021be64c0000, 0x0000021bed780000]
CodeHeap 'non-nmethods': size=5760Kb used=1364Kb max_used=1364Kb free=4395Kb
 bounds [0x0000021bed780000, 0x0000021bed9f0000, 0x0000021bedd20000]
 total_blobs=627 nmethods=212 adapters=326
 compilation: enabled
              stopped_count=0, restarted_count=0
 full_count=0

Compilation events (20 events):
Event: 0.057 Thread 0x0000021bfe361cc0  195       3       jdk.internal.org.objectweb.asm.SymbolTable$Entry::<init> (17 bytes)
Event: 0.057 Thread 0x0000021bfe361cc0 nmethod 195 0x0000021be627df10 code [0x0000021be627e0a0, 0x0000021be627e218]
Event: 0.058 Thread 0x0000021bfe361cc0  196       1       java.lang.invoke.MethodTypeForm::parameterSlotCount (5 bytes)
Event: 0.058 Thread 0x0000021bfe361cc0 nmethod 196 0x0000021bedd31390 code [0x0000021bedd31500, 0x0000021bedd315c8]
Event: 0.058 Thread 0x0000021bfe361cc0  197       3       jdk.internal.org.objectweb.asm.SymbolTable::addConstantUtf8 (98 bytes)
Event: 0.058 Thread 0x0000021bfe361cc0 nmethod 197 0x0000021be627e310 code [0x0000021be627e520, 0x0000021be627eb30]
Event: 0.058 Thread 0x0000021bfe361cc0  202       3       java.lang.StringBuilder::append (8 bytes)
Event: 0.058 Thread 0x0000021bfe361cc0 nmethod 202 0x0000021be627ee90 code [0x0000021be627f020, 0x0000021be627f168]
Event: 0.058 Thread 0x0000021bfe361cc0  203       3       java.lang.AbstractStringBuilder::append (45 bytes)
Event: 0.058 Thread 0x0000021bfe361cc0 nmethod 203 0x0000021be627f210 code [0x0000021be627f400, 0x0000021be627f930]
Event: 0.058 Thread 0x0000021bfe361cc0  198       3       jdk.internal.org.objectweb.asm.ByteVector::putByte (39 bytes)
Event: 0.058 Thread 0x0000021bfe361cc0 nmethod 198 0x0000021be627fb90 code [0x0000021be627fd20, 0x0000021be627ff10]
Event: 0.058 Thread 0x0000021bfe361cc0  199       3       java.lang.invoke.LambdaForm$BasicType::basicType (187 bytes)
Event: 0.058 Thread 0x0000021bfe361cc0 nmethod 199 0x0000021be6280010 code [0x0000021be6280280, 0x0000021be6280d00]
Event: 0.061 Thread 0x0000021bfe361cc0  204       3       java.util.Arrays::copyOf (19 bytes)
Event: 0.061 Thread 0x0000021bfe361cc0 nmethod 204 0x0000021be6280f90 code [0x0000021be6281140, 0x0000021be6281430]
Event: 0.062 Thread 0x0000021bfe361cc0  205       3       java.lang.invoke.MethodType::methodType (69 bytes)
Event: 0.062 Thread 0x0000021bfe361cc0 nmethod 205 0x0000021be6281590 code [0x0000021be6281780, 0x0000021be6281c60]
Event: 0.062 Thread 0x0000021bfe361cc0  206       3       java.lang.System::getSecurityManager (12 bytes)
Event: 0.062 Thread 0x0000021bfe361cc0 nmethod 206 0x0000021be6281e10 code [0x0000021be6281fa0, 0x0000021be6282110]

GC Heap History (0 events):
No events

Dll operation events (8 events):
Event: 0.007 Loaded shared library D:\softwares\WYLJDK20\bin\java.dll
Event: 0.013 Loaded shared library D:\softwares\WYLJDK20\bin\jsvml.dll
Event: 0.041 Loaded shared library D:\softwares\WYLJDK20\bin\zip.dll
Event: 0.044 Loaded shared library D:\softwares\WYLJDK20\bin\instrument.dll
Event: 0.048 Loaded shared library D:\softwares\WYLJDK20\bin\net.dll
Event: 0.050 Loaded shared library D:\softwares\WYLJDK20\bin\nio.dll
Event: 0.054 Loaded shared library D:\softwares\WYLJDK20\bin\zip.dll
Event: 0.061 Loaded shared library D:\softwares\jetbrainsAPP\apps\IDEA-U\ch-0\231.8770.65\bin\breakgen64.dll

Deoptimization events (0 events):
No events

Classes loaded (20 events):
Event: 0.058 Loading class java/lang/reflect/InvocationTargetException done
Event: 0.061 Loading class java/io/Reader
Event: 0.061 Loading class java/io/Reader done
Event: 0.061 Loading class java/io/InputStreamReader
Event: 0.061 Loading class java/io/InputStreamReader done
Event: 0.061 Loading class java/net/Socket
Event: 0.061 Loading class java/net/Socket done
Event: 0.062 Loading class jdk/internal/loader/URLClassPath$FileLoader$1
Event: 0.062 Loading class jdk/internal/loader/URLClassPath$FileLoader$1 done
Event: 0.062 Loading class java/net/InetSocketAddress
Event: 0.062 Loading class java/net/SocketAddress
Event: 0.062 Loading class java/net/SocketAddress done
Event: 0.062 Loading class java/net/InetSocketAddress done
Event: 0.062 Loading class sun/misc/Unsafe
Event: 0.062 Loading class sun/misc/Unsafe done
Event: 0.062 Loading class java/lang/invoke/DirectMethodHandle$StaticAccessor
Event: 0.062 Loading class java/lang/invoke/DirectMethodHandle$StaticAccessor done
Event: 0.063 Loading class java/net/InetSocketAddress$InetSocketAddressHolder
Event: 0.063 Loading class java/net/InetSocketAddress$InetSocketAddressHolder done
Event: 0.063 Loading class java/net/SocketImpl

Classes unloaded (0 events):
No events

Classes redefined (0 events):
No events

Internal exceptions (2 events):
Event: 0.054 Thread 0x0000021bdde3b380 Exception <a 'java/lang/NoSuchMethodError'{0x00000007132f9090}: 'void java.lang.invoke.DirectMethodHandle$Holder.invokeStatic(java.lang.Object, java.lang.Object, java.lang.Object)'> (0x00000007132f9090) 
thrown [s\open\src\hotspot\share\interpreter\linkResolver.cpp, line 773]
Event: 0.058 Thread 0x0000021bdde3b380 Exception <a 'java/lang/NoSuchMethodError'{0x0000000713310598}: 'java.lang.Object java.lang.invoke.Invokers$Holder.invokeExact_MT(java.lang.Object, java.lang.Object, java.lang.Object, java.lang.Object, java.lang.Object)'> (0x0000000713310598) 
thrown [s\open\src\hotspot\share\interpreter\linkResolver.cpp, line 773]

VM Operations (2 events):
Event: 0.063 Executing VM operation: HandshakeAllThreads
Event: 0.063 Executing VM operation: HandshakeAllThreads done

Events (12 events):
Event: 0.013 Thread 0x0000021bdde3b380 Thread added: 0x0000021bdde3b380
Event: 0.020 Thread 0x0000021bfe31b7d0 Thread added: 0x0000021bfe31b7d0
Event: 0.020 Thread 0x0000021bfe31c5d0 Thread added: 0x0000021bfe31c5d0
Event: 0.021 Thread 0x0000021bfe3213e0 Thread added: 0x0000021bfe3213e0
Event: 0.021 Thread 0x0000021bfe322f30 Thread added: 0x0000021bfe322f30
Event: 0.021 Thread 0x0000021bfe326210 Thread added: 0x0000021bfe326210
Event: 0.021 Thread 0x0000021bfe326b50 Thread added: 0x0000021bfe326b50
Event: 0.021 Thread 0x0000021bfe338000 Thread added: 0x0000021bfe338000
Event: 0.021 Thread 0x0000021bfe361cc0 Thread added: 0x0000021bfe361cc0
Event: 0.032 Thread 0x0000021bfe472240 Thread added: 0x0000021bfe472240
Event: 0.061 Thread 0x0000021bfe51d420 Thread added: 0x0000021bfe51d420
Event: 0.061 Thread 0x0000021bfe51d970 Thread added: 0x0000021bfe51d970


Dynamic libraries:
0x00007ff70f5a0000 - 0x00007ff70f5b0000 	D:\softwares\WYLJDK20\bin\java.exe
0x00007ffb97e70000 - 0x00007ffb98050000 	C:\Windows\SYSTEM32\ntdll.dll
0x00007ffb95660000 - 0x00007ffb9570e000 	C:\Windows\System32\KERNEL32.DLL
0x00007ffb94810000 - 0x00007ffb94a76000 	C:\Windows\System32\KERNELBASE.dll
0x00007ffb946b0000 - 0x00007ffb947a4000 	C:\Windows\System32\ucrtbase.dll
0x00007ffb82330000 - 0x00007ffb82349000 	D:\softwares\WYLJDK20\bin\jli.dll
0x00007ffb82350000 - 0x00007ffb8236b000 	D:\softwares\WYLJDK20\bin\VCRUNTIME140.dll
0x00007ffb95830000 - 0x00007ffb958d1000 	C:\Windows\System32\ADVAPI32.dll
0x00007ffb95710000 - 0x00007ffb957ad000 	C:\Windows\System32\msvcrt.dll
0x00007ffb977f0000 - 0x00007ffb9784b000 	C:\Windows\System32\sechost.dll
0x00007ffb976d0000 - 0x00007ffb977ef000 	C:\Windows\System32\RPCRT4.dll
0x00007ffb97b20000 - 0x00007ffb97caf000 	C:\Windows\System32\USER32.dll
0x00007ffb951d0000 - 0x00007ffb951f0000 	C:\Windows\System32\win32u.dll
0x00007ffb95cc0000 - 0x00007ffb95ce8000 	C:\Windows\System32\GDI32.dll
0x00007ffb94340000 - 0x00007ffb944d3000 	C:\Windows\System32\gdi32full.dll
0x00007ffb951f0000 - 0x00007ffb9528b000 	C:\Windows\System32\msvcp_win.dll
0x00007ffb6cd80000 - 0x00007ffb6cfe9000 	C:\Windows\WinSxS\amd64_microsoft.windows.common-controls_6595b64144ccf1df_6.0.16299.1120_none_0f8b124e5a6a3e97\COMCTL32.dll
0x00007ffb958e0000 - 0x00007ffb95be6000 	C:\Windows\System32\combase.dll
0x00007ffb942c0000 - 0x00007ffb94332000 	C:\Windows\System32\bcryptPrimitives.dll
0x00007ffb93de0000 - 0x00007ffb93dea000 	C:\Windows\SYSTEM32\VERSION.dll
0x00007ffb978d0000 - 0x00007ffb978fd000 	C:\Windows\System32\IMM32.DLL
0x0000000071300000 - 0x000000007130c000 	C:\Program Files (x86)\360\360Safe\safemon\SafeWrapper.dll
0x00007ffb83f10000 - 0x00007ffb83fb2000 	C:\Program Files (x86)\360\360Safe\safemon\libzdtp64.dll
0x00007ffb96290000 - 0x00007ffb976c8000 	C:\Windows\System32\SHELL32.dll
0x00007ffb94270000 - 0x00007ffb942ba000 	C:\Windows\System32\cfgmgr32.dll
0x00007ffb97a10000 - 0x00007ffb97ab6000 	C:\Windows\System32\shcore.dll
0x00007ffb94a80000 - 0x00007ffb951c7000 	C:\Windows\System32\windows.storage.dll
0x00007ffb97850000 - 0x00007ffb978a1000 	C:\Windows\System32\shlwapi.dll
0x00007ffb94250000 - 0x00007ffb94261000 	C:\Windows\System32\kernel.appcore.dll
0x00007ffb941e0000 - 0x00007ffb9422c000 	C:\Windows\System32\powrprof.dll
0x00007ffb94230000 - 0x00007ffb9424b000 	C:\Windows\System32\profapi.dll
0x00007ffb83430000 - 0x00007ffb8343c000 	D:\softwares\WYLJDK20\bin\vcruntime140_1.dll
0x00007ffb62740000 - 0x00007ffb627ce000 	D:\softwares\WYLJDK20\bin\msvcp140.dll
0x00007ffb231d0000 - 0x00007ffb23e67000 	D:\softwares\WYLJDK20\bin\server\jvm.dll
0x00007ffb80250000 - 0x00007ffb80259000 	C:\Windows\SYSTEM32\WSOCK32.dll
0x00007ffb8f360000 - 0x00007ffb8f383000 	C:\Windows\SYSTEM32\WINMM.dll
0x00007ffb979a0000 - 0x00007ffb97a0c000 	C:\Windows\System32\WS2_32.dll
0x00007ffb8f300000 - 0x00007ffb8f32a000 	C:\Windows\SYSTEM32\winmmbase.dll
0x00007ffb832e0000 - 0x00007ffb832ea000 	D:\softwares\WYLJDK20\bin\jimage.dll
0x00007ffb90010000 - 0x00007ffb901d8000 	C:\Windows\SYSTEM32\DBGHELP.DLL
0x00007ffb8ffa0000 - 0x00007ffb8ffc9000 	C:\Windows\SYSTEM32\dbgcore.DLL
0x00007ffb83140000 - 0x00007ffb8314e000 	D:\softwares\WYLJDK20\bin\instrument.dll
0x00007ffb80a10000 - 0x00007ffb80a36000 	D:\softwares\WYLJDK20\bin\java.dll
0x00007ffb57b00000 - 0x00007ffb57bd7000 	D:\softwares\WYLJDK20\bin\jsvml.dll
0x00007ffb81270000 - 0x00007ffb81288000 	D:\softwares\WYLJDK20\bin\zip.dll
0x00007ffb81c50000 - 0x00007ffb81c63000 	D:\softwares\WYLJDK20\bin\net.dll
0x00007ffb8f500000 - 0x00007ffb8f5de000 	C:\Windows\SYSTEM32\WINHTTP.dll
0x00007ffb939e0000 - 0x00007ffb93a46000 	C:\Windows\system32\mswsock.dll
0x00007ffb81950000 - 0x00007ffb81966000 	D:\softwares\WYLJDK20\bin\nio.dll
0x00007ffb80ed0000 - 0x00007ffb80eea000 	D:\softwares\jetbrainsAPP\apps\IDEA-U\ch-0\231.8770.65\bin\breakgen64.dll
0x00007ffb822b0000 - 0x00007ffb822b7000 	D:\softwares\WYLJDK20\bin\extnet.dll

dbghelp: loaded successfully - version: 4.0.5 - missing functions: none
symbol engine: initialized successfully - sym options: 0x614 - pdb path: .;D:\softwares\WYLJDK20\bin;C:\Windows\SYSTEM32;C:\Windows\WinSxS\amd64_microsoft.windows.common-controls_6595b64144ccf1df_6.0.16299.1120_none_0f8b124e5a6a3e97;C:\Program Files (x86)\360\360Safe\safemon;D:\softwares\WYLJDK20\bin\server;D:\softwares\jetbrainsAPP\apps\IDEA-U\ch-0\231.8770.65\bin

VM Arguments:
jvm_args: -javaagent:D:\softwares\jetbrainsAPP\apps\IDEA-U\ch-0\231.8770.65\lib\idea_rt.jar=54671:D:\softwares\jetbrainsAPP\apps\IDEA-U\ch-0\231.8770.65\bin -Dfile.encoding=UTF-8 -Dsun.stdout.encoding=UTF-8 -Dsun.stderr.encoding=UTF-8 
java_command: com.wyl.exercises.SECONDduoxiancheng.UnsafeArrayCopy
java_class_path (initial): C:\Users\Administrator\Documents\new\out\production\exercises
Launcher Type: SUN_STANDARD

[Global flags]
     intx CICompilerCount                          = 4                                         {product} {ergonomic}
     uint ConcGCThreads                            = 3                                         {product} {ergonomic}
     uint G1ConcRefinementThreads                  = 10                                        {product} {ergonomic}
   size_t G1HeapRegionSize                         = 2097152                                   {product} {ergonomic}
    uintx GCDrainStackTargetSize                   = 64                                        {product} {ergonomic}
   size_t InitialHeapSize                          = 266338304                                 {product} {ergonomic}
   size_t MarkStackSize                            = 4194304                                   {product} {ergonomic}
   size_t MaxHeapSize                              = 4236247040                                {product} {ergonomic}
   size_t MaxNewSize                               = 2541748224                                {product} {ergonomic}
   size_t MinHeapDeltaBytes                        = 2097152                                   {product} {ergonomic}
   size_t MinHeapSize                              = 8388608                                   {product} {ergonomic}
    uintx NonNMethodCodeHeapSize                   = 5839372                                {pd product} {ergonomic}
    uintx NonProfiledCodeHeapSize                  = 122909434                              {pd product} {ergonomic}
    uintx ProfiledCodeHeapSize                     = 122909434                              {pd product} {ergonomic}
    uintx ReservedCodeCacheSize                    = 251658240                              {pd product} {ergonomic}
     bool SegmentedCodeCache                       = true                                      {product} {ergonomic}
   size_t SoftMaxHeapSize                          = 4236247040                             {manageable} {ergonomic}
     bool UseCompressedClassPointers               = true                           {product lp64_product} {ergonomic}
     bool UseCompressedOops                        = true                           {product lp64_product} {ergonomic}
     bool UseG1GC                                  = true                                      {product} {ergonomic}
     bool UseLargePagesIndividualAllocation        = false                                  {pd product} {ergonomic}

Logging:
Log output configuration:
 #0: stdout all=warning uptime,level,tags foldmultilines=false
 #1: stderr all=off uptime,level,tags foldmultilines=false

Environment Variables:
PATH=C:\Program Files\Common Files\Oracle\Java\javapath;D:\softwares\VMware17pro\bin\;C:\Windows\system32;C:\Windows;C:\Windows\System32\Wbem;C:\Windows\System32\WindowsPowerShell\v1.0\;D:\softwares\Bandizip\;D:\softwares\Xshell 7 Personal\;D:\softwares\Microsoft VS Code\bin;C:\Program Files\Git\cmd;C:\Program Files\dotnet\;C:\Users\Administrator\AppData\Local\Microsoft\WindowsApps;C:\Users\Administrator\AppData\Local\JetBrains\Toolbox\scripts;c:\program files\esafenet\cobra docguard client;\%JAVA_HOME%\bin
USERNAME=Administrator
OS=Windows_NT
PROCESSOR_IDENTIFIER=Intel64 Family 6 Model 151 Stepping 5, GenuineIntel
TMP=C:\Users\ADMINI~1\AppData\Local\Temp
TEMP=C:\Users\ADMINI~1\AppData\Local\Temp




---------------  S Y S T E M  ---------------

OS:
 Windows 10 , 64 bit Build 16299 (10.0.16299.1127)
OS uptime: 0 days 1:17 hours

CPU: total 12 (initial active 12) (6 cores per cpu, 2 threads per core) family 6 model 151 stepping 5 microcode 0x18, cx8, cmov, fxsr, ht, mmx, 3dnowpref, sse, sse2, sse3, ssse3, sse4.1, sse4.2, popcnt, lzcnt, tsc, tscinvbit, avx, avx2, aes, erms, clmul, bmi1, bmi2, adx, sha, fma, vzeroupper, clflush, clflushopt, clwb, serialize, rdtscp, rdpid, fsrm, f16c, pku, cet_ibt, cet_ss

Memory: 4k page, system-wide physical 16158M (7517M free)
TotalPageFile size 22558M (AvailPageFile size 13104M)
current process WorkingSet (physical memory assigned to process): 38M, peak: 38M
current process commit charge ("private bytes"): 344M, peak: 344M

vm_info: Java HotSpot(TM) 64-Bit Server VM (20.0.1+9-29) for windows-amd64 JRE (20.0.1+9-29), built on 2023-03-07T13:56:11Z by "mach5one" with MS VC++ 17.1 (VS2022)

END.
